<?xml version="1.0" encoding="UTF-8"?>
<!-- Generated by org.testng.reporters.JUnitReportReporter -->
<testsuite hostname="DESKTOP-ADVM252" failures="0" tests="1" name="Testscript.testjava" time="32.899" errors="0" timestamp="2021-10-12T10:54:58 IST" skipped="0">
  <testcase classname="Testscript.testjava" name="createOppertunites" time="32.899"/>
  <system-out/>
</testsuite> <!-- Testscript.testjava -->
