<?xml version="1.0" encoding="UTF-8"?>
<!-- Generated by org.testng.reporters.JUnitReportReporter -->
<testsuite hostname="DESKTOP-ADVM252" failures="0" tests="1" name="Testscriptpom.tc_08" time="17.046" errors="0" timestamp="2021-10-05T11:06:28 IST" skipped="0">
  <testcase classname="Testscriptpom.tc_08" name="createopporetunity" time="17.046"/>
  <system-out/>
</testsuite> <!-- Testscriptpom.tc_08 -->
