<?xml version="1.0" encoding="UTF-8"?>
<!-- Generated by org.testng.reporters.JUnitReportReporter -->
<testsuite hostname="DESKTOP-ADVM252" failures="0" tests="1" name="Testscript.TC_01Createopertunity" time="11.848" errors="0" timestamp="2021-10-01T07:12:50 IST" skipped="0">
  <testcase classname="Testscript.TC_01Createopertunity" name="createOppertunites" time="11.848"/>
  <system-out/>
</testsuite> <!-- Testscript.TC_01Createopertunity -->
