<?xml version="1.0" encoding="UTF-8"?>
<!-- Generated by org.testng.reporters.JUnitReportReporter -->
<testsuite hostname="DESKTOP-ADVM252" failures="0" tests="1" name="Testscript.TC_08CreateOpportunity" time="21.853" errors="0" timestamp="2021-10-01T19:31:02 IST" skipped="0">
  <testcase classname="Testscript.TC_08CreateOpportunity" name="createOppertunites" time="21.853"/>
  <system-out/>
</testsuite> <!-- Testscript.TC_08CreateOpportunity -->
