<?xml version="1.0" encoding="UTF-8"?>
<!-- Generated by org.testng.reporters.JUnitReportReporter -->
<testsuite hostname="DESKTOP-ADVM252" failures="0" tests="1" name="Testscript.TC_09CreateOpportunity" time="24.713" errors="0" timestamp="2021-10-01T22:55:18 IST" skipped="0">
  <testcase classname="Testscript.TC_09CreateOpportunity" name="createOppertunites" time="24.713"/>
  <system-out/>
</testsuite> <!-- Testscript.TC_09CreateOpportunity -->
