<?xml version="1.0" encoding="UTF-8"?>
<!-- Generated by org.testng.reporters.JUnitReportReporter -->
<testsuite hostname="DESKTOP-ADVM252" failures="0" tests="1" name="Testscript.TC_06Createopertunity" time="25.311" errors="0" timestamp="2021-10-11T23:42:54 IST" skipped="0">
  <testcase classname="Testscript.TC_06Createopertunity" name="createOppertunites" time="25.311"/>
  <system-out/>
</testsuite> <!-- Testscript.TC_06Createopertunity -->
